# Logfile created on 2014-03-19 09:13:46 +1100 by logger.rb/41954
I, [2014-03-19T09:13:46.948873 #20116]  INFO -- : 0:  timers (1.1.0) from /Users/mateus/.rvm/rubies/ruby-2.0.0-p353/lib/ruby/gems/2.0.0/specifications/timers-1.1.0.gemspec
I, [2014-03-19T09:13:46.949275 #20116]  INFO -- : 0:  celluloid (0.15.2) from /Users/mateus/.rvm/rubies/ruby-2.0.0-p353/lib/ruby/gems/2.0.0/specifications/celluloid-0.15.2.gemspec
I, [2014-03-19T09:13:46.949527 #20116]  INFO -- : 0:  nio4r (1.0.0) from /Users/mateus/.rvm/rubies/ruby-2.0.0-p353/lib/ruby/gems/2.0.0/specifications/nio4r-1.0.0.gemspec
I, [2014-03-19T09:13:46.949766 #20116]  INFO -- : 0:  celluloid-io (0.15.0) from /Users/mateus/.rvm/rubies/ruby-2.0.0-p353/lib/ruby/gems/2.0.0/specifications/celluloid-io-0.15.0.gemspec
I, [2014-03-19T09:13:46.950014 #20116]  INFO -- : 0:  coderay (1.1.0) from /Users/mateus/.rvm/rubies/ruby-2.0.0-p353/lib/ruby/gems/2.0.0/specifications/coderay-1.1.0.gemspec
I, [2014-03-19T09:13:46.950269 #20116]  INFO -- : 0:  diff-lcs (1.2.5) from /Users/mateus/.rvm/rubies/ruby-2.0.0-p353/lib/ruby/gems/2.0.0/specifications/diff-lcs-1.2.5.gemspec
I, [2014-03-19T09:13:46.950500 #20116]  INFO -- : 0:  ffi (1.9.3) from /Users/mateus/.rvm/rubies/ruby-2.0.0-p353/lib/ruby/gems/2.0.0/specifications/ffi-1.9.3.gemspec
I, [2014-03-19T09:13:46.950736 #20116]  INFO -- : 0:  formatador (0.2.4) from /Users/mateus/.rvm/rubies/ruby-2.0.0-p353/lib/ruby/gems/2.0.0/specifications/formatador-0.2.4.gemspec
I, [2014-03-19T09:13:46.950970 #20116]  INFO -- : 0:  rb-fsevent (0.9.4) from /Users/mateus/.rvm/rubies/ruby-2.0.0-p353/lib/ruby/gems/2.0.0/specifications/rb-fsevent-0.9.4.gemspec
I, [2014-03-19T09:13:46.951200 #20116]  INFO -- : 0:  rb-inotify (0.9.3) from /Users/mateus/.rvm/rubies/ruby-2.0.0-p353/lib/ruby/gems/2.0.0/specifications/rb-inotify-0.9.3.gemspec
I, [2014-03-19T09:13:49.255984 #20116]  INFO -- : 0:  listen (2.7.1) from /Users/mateus/.rvm/rubies/ruby-2.0.0-p353/lib/ruby/gems/2.0.0/specifications/listen-2.7.1.gemspec
I, [2014-03-19T09:13:49.256357 #20116]  INFO -- : 0:  lumberjack (1.0.4) from /Users/mateus/.rvm/rubies/ruby-2.0.0-p353/lib/ruby/gems/2.0.0/specifications/lumberjack-1.0.4.gemspec
I, [2014-03-19T09:13:49.256598 #20116]  INFO -- : 0:  method_source (0.8.2) from /Users/mateus/.rvm/rubies/ruby-2.0.0-p353/lib/ruby/gems/2.0.0/specifications/method_source-0.8.2.gemspec
I, [2014-03-19T09:13:50.358869 #20116]  INFO -- : 0:  slop (3.5.0) from /Users/mateus/.rvm/rubies/ruby-2.0.0-p353/lib/ruby/gems/2.0.0/specifications/slop-3.5.0.gemspec
I, [2014-03-19T09:13:50.359276 #20116]  INFO -- : 0:  pry (0.9.12.6) from /Users/mateus/.rvm/rubies/ruby-2.0.0-p353/lib/ruby/gems/2.0.0/specifications/pry-0.9.12.6.gemspec
I, [2014-03-19T09:13:50.359551 #20116]  INFO -- : 0:  thor (0.18.1) from /Users/mateus/.rvm/rubies/ruby-2.0.0-p353/lib/ruby/gems/2.0.0/specifications/thor-0.18.1.gemspec
I, [2014-03-19T09:13:50.359821 #20116]  INFO -- : 0:  guard (2.5.1) from /Users/mateus/.rvm/rubies/ruby-2.0.0-p353/lib/ruby/gems/2.0.0/specifications/guard-2.5.1.gemspec
I, [2014-03-19T09:13:50.360107 #20116]  INFO -- : 0:  rspec-core (2.14.8) from /Users/mateus/.rvm/rubies/ruby-2.0.0-p353/lib/ruby/gems/2.0.0/specifications/rspec-core-2.14.8.gemspec
I, [2014-03-19T09:13:50.360352 #20116]  INFO -- : 0:  rspec-expectations (2.14.5) from /Users/mateus/.rvm/rubies/ruby-2.0.0-p353/lib/ruby/gems/2.0.0/specifications/rspec-expectations-2.14.5.gemspec
I, [2014-03-19T09:13:50.360588 #20116]  INFO -- : 0:  rspec-mocks (2.14.6) from /Users/mateus/.rvm/rubies/ruby-2.0.0-p353/lib/ruby/gems/2.0.0/specifications/rspec-mocks-2.14.6.gemspec
I, [2014-03-19T09:13:50.360824 #20116]  INFO -- : 0:  rspec (2.14.1) from /Users/mateus/.rvm/rubies/ruby-2.0.0-p353/lib/ruby/gems/2.0.0/specifications/rspec-2.14.1.gemspec
I, [2014-03-19T09:13:50.361068 #20116]  INFO -- : 0:  guard-rspec (4.2.8) from /Users/mateus/.rvm/rubies/ruby-2.0.0-p353/lib/ruby/gems/2.0.0/specifications/guard-rspec-4.2.8.gemspec
I, [2014-03-19T09:13:50.361275 #20116]  INFO -- : 0:  bundler (1.5.1) from /Users/mateus/.rvm/rubies/ruby-2.0.0-p353/lib/ruby/gems/2.0.0/specifications/bundler-1.5.1.gemspec
I, [2014-03-19T09:16:12.662563 #20347]  INFO -- : 0:  timers (1.1.0) from /Users/mateus/.rvm/rubies/ruby-2.0.0-p353/lib/ruby/gems/2.0.0/specifications/timers-1.1.0.gemspec
I, [2014-03-19T09:16:12.662939 #20347]  INFO -- : 0:  celluloid (0.15.2) from /Users/mateus/.rvm/rubies/ruby-2.0.0-p353/lib/ruby/gems/2.0.0/specifications/celluloid-0.15.2.gemspec
I, [2014-03-19T09:16:12.663241 #20347]  INFO -- : 0:  nio4r (1.0.0) from /Users/mateus/.rvm/rubies/ruby-2.0.0-p353/lib/ruby/gems/2.0.0/specifications/nio4r-1.0.0.gemspec
I, [2014-03-19T09:16:12.663519 #20347]  INFO -- : 0:  celluloid-io (0.15.0) from /Users/mateus/.rvm/rubies/ruby-2.0.0-p353/lib/ruby/gems/2.0.0/specifications/celluloid-io-0.15.0.gemspec
I, [2014-03-19T09:16:12.663808 #20347]  INFO -- : 0:  coderay (1.1.0) from /Users/mateus/.rvm/rubies/ruby-2.0.0-p353/lib/ruby/gems/2.0.0/specifications/coderay-1.1.0.gemspec
I, [2014-03-19T09:16:12.664125 #20347]  INFO -- : 0:  diff-lcs (1.2.5) from /Users/mateus/.rvm/rubies/ruby-2.0.0-p353/lib/ruby/gems/2.0.0/specifications/diff-lcs-1.2.5.gemspec
I, [2014-03-19T09:16:12.664390 #20347]  INFO -- : 0:  ffi (1.9.3) from /Users/mateus/.rvm/rubies/ruby-2.0.0-p353/lib/ruby/gems/2.0.0/specifications/ffi-1.9.3.gemspec
I, [2014-03-19T09:16:12.664642 #20347]  INFO -- : 0:  formatador (0.2.4) from /Users/mateus/.rvm/rubies/ruby-2.0.0-p353/lib/ruby/gems/2.0.0/specifications/formatador-0.2.4.gemspec
I, [2014-03-19T09:16:12.664918 #20347]  INFO -- : 0:  rb-fsevent (0.9.4) from /Users/mateus/.rvm/rubies/ruby-2.0.0-p353/lib/ruby/gems/2.0.0/specifications/rb-fsevent-0.9.4.gemspec
I, [2014-03-19T09:16:12.665184 #20347]  INFO -- : 0:  rb-inotify (0.9.3) from /Users/mateus/.rvm/rubies/ruby-2.0.0-p353/lib/ruby/gems/2.0.0/specifications/rb-inotify-0.9.3.gemspec
I, [2014-03-19T09:16:12.665455 #20347]  INFO -- : 0:  listen (2.7.1) from /Users/mateus/.rvm/rubies/ruby-2.0.0-p353/lib/ruby/gems/2.0.0/specifications/listen-2.7.1.gemspec
I, [2014-03-19T09:16:12.665716 #20347]  INFO -- : 0:  lumberjack (1.0.4) from /Users/mateus/.rvm/rubies/ruby-2.0.0-p353/lib/ruby/gems/2.0.0/specifications/lumberjack-1.0.4.gemspec
I, [2014-03-19T09:16:12.665970 #20347]  INFO -- : 0:  method_source (0.8.2) from /Users/mateus/.rvm/rubies/ruby-2.0.0-p353/lib/ruby/gems/2.0.0/specifications/method_source-0.8.2.gemspec
I, [2014-03-19T09:16:12.666230 #20347]  INFO -- : 0:  slop (3.5.0) from /Users/mateus/.rvm/rubies/ruby-2.0.0-p353/lib/ruby/gems/2.0.0/specifications/slop-3.5.0.gemspec
I, [2014-03-19T09:16:12.666529 #20347]  INFO -- : 0:  pry (0.9.12.6) from /Users/mateus/.rvm/rubies/ruby-2.0.0-p353/lib/ruby/gems/2.0.0/specifications/pry-0.9.12.6.gemspec
I, [2014-03-19T09:16:12.666802 #20347]  INFO -- : 0:  thor (0.18.1) from /Users/mateus/.rvm/rubies/ruby-2.0.0-p353/lib/ruby/gems/2.0.0/specifications/thor-0.18.1.gemspec
I, [2014-03-19T09:16:12.667091 #20347]  INFO -- : 0:  guard (2.5.1) from /Users/mateus/.rvm/rubies/ruby-2.0.0-p353/lib/ruby/gems/2.0.0/specifications/guard-2.5.1.gemspec
I, [2014-03-19T09:16:12.667374 #20347]  INFO -- : 0:  rspec-core (2.14.8) from /Users/mateus/.rvm/rubies/ruby-2.0.0-p353/lib/ruby/gems/2.0.0/specifications/rspec-core-2.14.8.gemspec
I, [2014-03-19T09:16:12.667638 #20347]  INFO -- : 0:  rspec-expectations (2.14.5) from /Users/mateus/.rvm/rubies/ruby-2.0.0-p353/lib/ruby/gems/2.0.0/specifications/rspec-expectations-2.14.5.gemspec
I, [2014-03-19T09:16:12.667903 #20347]  INFO -- : 0:  rspec-mocks (2.14.6) from /Users/mateus/.rvm/rubies/ruby-2.0.0-p353/lib/ruby/gems/2.0.0/specifications/rspec-mocks-2.14.6.gemspec
I, [2014-03-19T09:16:12.668146 #20347]  INFO -- : 0:  rspec (2.14.1) from /Users/mateus/.rvm/rubies/ruby-2.0.0-p353/lib/ruby/gems/2.0.0/specifications/rspec-2.14.1.gemspec
I, [2014-03-19T09:16:12.668372 #20347]  INFO -- : 0:  guard-rspec (4.2.8) from /Users/mateus/.rvm/rubies/ruby-2.0.0-p353/lib/ruby/gems/2.0.0/specifications/guard-rspec-4.2.8.gemspec
I, [2014-03-19T09:16:12.668564 #20347]  INFO -- : 0:  bundler (1.5.1) from /Users/mateus/.rvm/rubies/ruby-2.0.0-p353/lib/ruby/gems/2.0.0/specifications/bundler-1.5.1.gemspec
I, [2014-03-19T09:20:28.889764 #20387]  INFO -- : 0:  diff-lcs (1.2.5) from /Users/mateus/.rvm/rubies/ruby-2.0.0-p353/lib/ruby/gems/2.0.0/specifications/diff-lcs-1.2.5.gemspec
I, [2014-03-19T09:20:28.890218 #20387]  INFO -- : 0:  rspec-core (2.14.8) from /Users/mateus/.rvm/rubies/ruby-2.0.0-p353/lib/ruby/gems/2.0.0/specifications/rspec-core-2.14.8.gemspec
I, [2014-03-19T09:20:28.890519 #20387]  INFO -- : 0:  rspec-expectations (2.14.5) from /Users/mateus/.rvm/rubies/ruby-2.0.0-p353/lib/ruby/gems/2.0.0/specifications/rspec-expectations-2.14.5.gemspec
I, [2014-03-19T09:20:28.890821 #20387]  INFO -- : 0:  rspec-mocks (2.14.6) from /Users/mateus/.rvm/rubies/ruby-2.0.0-p353/lib/ruby/gems/2.0.0/specifications/rspec-mocks-2.14.6.gemspec
I, [2014-03-19T09:20:28.891102 #20387]  INFO -- : 0:  rspec (2.14.1) from /Users/mateus/.rvm/rubies/ruby-2.0.0-p353/lib/ruby/gems/2.0.0/specifications/rspec-2.14.1.gemspec
I, [2014-03-19T09:20:28.891375 #20387]  INFO -- : 0:  bundler (1.5.1) from /Users/mateus/.rvm/rubies/ruby-2.0.0-p353/lib/ruby/gems/2.0.0/specifications/bundler-1.5.1.gemspec
I, [2014-03-19T09:22:01.025513 #20405]  INFO -- : 0:  timers (1.1.0) from /Users/mateus/.rvm/rubies/ruby-2.0.0-p353/lib/ruby/gems/2.0.0/specifications/timers-1.1.0.gemspec
I, [2014-03-19T09:22:01.025857 #20405]  INFO -- : 0:  celluloid (0.15.2) from /Users/mateus/.rvm/rubies/ruby-2.0.0-p353/lib/ruby/gems/2.0.0/specifications/celluloid-0.15.2.gemspec
I, [2014-03-19T09:22:01.026139 #20405]  INFO -- : 0:  nio4r (1.0.0) from /Users/mateus/.rvm/rubies/ruby-2.0.0-p353/lib/ruby/gems/2.0.0/specifications/nio4r-1.0.0.gemspec
I, [2014-03-19T09:22:01.026424 #20405]  INFO -- : 0:  celluloid-io (0.15.0) from /Users/mateus/.rvm/rubies/ruby-2.0.0-p353/lib/ruby/gems/2.0.0/specifications/celluloid-io-0.15.0.gemspec
I, [2014-03-19T09:22:01.026696 #20405]  INFO -- : 0:  coderay (1.1.0) from /Users/mateus/.rvm/rubies/ruby-2.0.0-p353/lib/ruby/gems/2.0.0/specifications/coderay-1.1.0.gemspec
I, [2014-03-19T09:22:01.026969 #20405]  INFO -- : 0:  diff-lcs (1.2.5) from /Users/mateus/.rvm/rubies/ruby-2.0.0-p353/lib/ruby/gems/2.0.0/specifications/diff-lcs-1.2.5.gemspec
I, [2014-03-19T09:22:01.027228 #20405]  INFO -- : 0:  ffi (1.9.3) from /Users/mateus/.rvm/rubies/ruby-2.0.0-p353/lib/ruby/gems/2.0.0/specifications/ffi-1.9.3.gemspec
I, [2014-03-19T09:22:01.027493 #20405]  INFO -- : 0:  formatador (0.2.4) from /Users/mateus/.rvm/rubies/ruby-2.0.0-p353/lib/ruby/gems/2.0.0/specifications/formatador-0.2.4.gemspec
I, [2014-03-19T09:22:01.027766 #20405]  INFO -- : 0:  rb-fsevent (0.9.4) from /Users/mateus/.rvm/rubies/ruby-2.0.0-p353/lib/ruby/gems/2.0.0/specifications/rb-fsevent-0.9.4.gemspec
I, [2014-03-19T09:22:01.028046 #20405]  INFO -- : 0:  rb-inotify (0.9.3) from /Users/mateus/.rvm/rubies/ruby-2.0.0-p353/lib/ruby/gems/2.0.0/specifications/rb-inotify-0.9.3.gemspec
I, [2014-03-19T09:22:01.028332 #20405]  INFO -- : 0:  listen (2.7.1) from /Users/mateus/.rvm/rubies/ruby-2.0.0-p353/lib/ruby/gems/2.0.0/specifications/listen-2.7.1.gemspec
I, [2014-03-19T09:22:01.028591 #20405]  INFO -- : 0:  lumberjack (1.0.4) from /Users/mateus/.rvm/rubies/ruby-2.0.0-p353/lib/ruby/gems/2.0.0/specifications/lumberjack-1.0.4.gemspec
I, [2014-03-19T09:22:01.028856 #20405]  INFO -- : 0:  method_source (0.8.2) from /Users/mateus/.rvm/rubies/ruby-2.0.0-p353/lib/ruby/gems/2.0.0/specifications/method_source-0.8.2.gemspec
I, [2014-03-19T09:22:01.029126 #20405]  INFO -- : 0:  slop (3.5.0) from /Users/mateus/.rvm/rubies/ruby-2.0.0-p353/lib/ruby/gems/2.0.0/specifications/slop-3.5.0.gemspec
I, [2014-03-19T09:22:01.029389 #20405]  INFO -- : 0:  pry (0.9.12.6) from /Users/mateus/.rvm/rubies/ruby-2.0.0-p353/lib/ruby/gems/2.0.0/specifications/pry-0.9.12.6.gemspec
I, [2014-03-19T09:22:01.029657 #20405]  INFO -- : 0:  thor (0.18.1) from /Users/mateus/.rvm/rubies/ruby-2.0.0-p353/lib/ruby/gems/2.0.0/specifications/thor-0.18.1.gemspec
I, [2014-03-19T09:22:01.029936 #20405]  INFO -- : 0:  guard (2.5.1) from /Users/mateus/.rvm/rubies/ruby-2.0.0-p353/lib/ruby/gems/2.0.0/specifications/guard-2.5.1.gemspec
I, [2014-03-19T09:22:01.030215 #20405]  INFO -- : 0:  rspec-core (2.14.8) from /Users/mateus/.rvm/rubies/ruby-2.0.0-p353/lib/ruby/gems/2.0.0/specifications/rspec-core-2.14.8.gemspec
I, [2014-03-19T09:22:01.030480 #20405]  INFO -- : 0:  rspec-expectations (2.14.5) from /Users/mateus/.rvm/rubies/ruby-2.0.0-p353/lib/ruby/gems/2.0.0/specifications/rspec-expectations-2.14.5.gemspec
I, [2014-03-19T09:22:01.030720 #20405]  INFO -- : 0:  rspec-mocks (2.14.6) from /Users/mateus/.rvm/rubies/ruby-2.0.0-p353/lib/ruby/gems/2.0.0/specifications/rspec-mocks-2.14.6.gemspec
I, [2014-03-19T09:22:01.030950 #20405]  INFO -- : 0:  rspec (2.14.1) from /Users/mateus/.rvm/rubies/ruby-2.0.0-p353/lib/ruby/gems/2.0.0/specifications/rspec-2.14.1.gemspec
I, [2014-03-19T09:22:01.031165 #20405]  INFO -- : 0:  guard-rspec (4.2.8) from /Users/mateus/.rvm/rubies/ruby-2.0.0-p353/lib/ruby/gems/2.0.0/specifications/guard-rspec-4.2.8.gemspec
I, [2014-03-19T09:22:01.031363 #20405]  INFO -- : 0:  bundler (1.5.1) from /Users/mateus/.rvm/rubies/ruby-2.0.0-p353/lib/ruby/gems/2.0.0/specifications/bundler-1.5.1.gemspec
I, [2014-03-19T09:23:05.897747 #20445]  INFO -- : 0:  timers (1.1.0) from /Users/mateus/.rvm/rubies/ruby-2.0.0-p353/lib/ruby/gems/2.0.0/specifications/timers-1.1.0.gemspec
I, [2014-03-19T09:23:05.898109 #20445]  INFO -- : 0:  celluloid (0.15.2) from /Users/mateus/.rvm/rubies/ruby-2.0.0-p353/lib/ruby/gems/2.0.0/specifications/celluloid-0.15.2.gemspec
I, [2014-03-19T09:23:05.898395 #20445]  INFO -- : 0:  nio4r (1.0.0) from /Users/mateus/.rvm/rubies/ruby-2.0.0-p353/lib/ruby/gems/2.0.0/specifications/nio4r-1.0.0.gemspec
I, [2014-03-19T09:23:05.898676 #20445]  INFO -- : 0:  celluloid-io (0.15.0) from /Users/mateus/.rvm/rubies/ruby-2.0.0-p353/lib/ruby/gems/2.0.0/specifications/celluloid-io-0.15.0.gemspec
I, [2014-03-19T09:23:05.898946 #20445]  INFO -- : 0:  coderay (1.1.0) from /Users/mateus/.rvm/rubies/ruby-2.0.0-p353/lib/ruby/gems/2.0.0/specifications/coderay-1.1.0.gemspec
I, [2014-03-19T09:23:05.899223 #20445]  INFO -- : 0:  diff-lcs (1.2.5) from /Users/mateus/.rvm/rubies/ruby-2.0.0-p353/lib/ruby/gems/2.0.0/specifications/diff-lcs-1.2.5.gemspec
I, [2014-03-19T09:23:05.899468 #20445]  INFO -- : 0:  ffi (1.9.3) from /Users/mateus/.rvm/rubies/ruby-2.0.0-p353/lib/ruby/gems/2.0.0/specifications/ffi-1.9.3.gemspec
I, [2014-03-19T09:23:05.899730 #20445]  INFO -- : 0:  formatador (0.2.4) from /Users/mateus/.rvm/rubies/ruby-2.0.0-p353/lib/ruby/gems/2.0.0/specifications/formatador-0.2.4.gemspec
I, [2014-03-19T09:23:05.899990 #20445]  INFO -- : 0:  rb-fsevent (0.9.4) from /Users/mateus/.rvm/rubies/ruby-2.0.0-p353/lib/ruby/gems/2.0.0/specifications/rb-fsevent-0.9.4.gemspec
I, [2014-03-19T09:23:05.900267 #20445]  INFO -- : 0:  rb-inotify (0.9.3) from /Users/mateus/.rvm/rubies/ruby-2.0.0-p353/lib/ruby/gems/2.0.0/specifications/rb-inotify-0.9.3.gemspec
I, [2014-03-19T09:23:05.900547 #20445]  INFO -- : 0:  listen (2.7.1) from /Users/mateus/.rvm/rubies/ruby-2.0.0-p353/lib/ruby/gems/2.0.0/specifications/listen-2.7.1.gemspec
I, [2014-03-19T09:23:05.900806 #20445]  INFO -- : 0:  lumberjack (1.0.4) from /Users/mateus/.rvm/rubies/ruby-2.0.0-p353/lib/ruby/gems/2.0.0/specifications/lumberjack-1.0.4.gemspec
I, [2014-03-19T09:23:05.901084 #20445]  INFO -- : 0:  method_source (0.8.2) from /Users/mateus/.rvm/rubies/ruby-2.0.0-p353/lib/ruby/gems/2.0.0/specifications/method_source-0.8.2.gemspec
I, [2014-03-19T09:23:05.901346 #20445]  INFO -- : 0:  slop (3.5.0) from /Users/mateus/.rvm/rubies/ruby-2.0.0-p353/lib/ruby/gems/2.0.0/specifications/slop-3.5.0.gemspec
I, [2014-03-19T09:23:05.901614 #20445]  INFO -- : 0:  pry (0.9.12.6) from /Users/mateus/.rvm/rubies/ruby-2.0.0-p353/lib/ruby/gems/2.0.0/specifications/pry-0.9.12.6.gemspec
I, [2014-03-19T09:23:05.901875 #20445]  INFO -- : 0:  thor (0.18.1) from /Users/mateus/.rvm/rubies/ruby-2.0.0-p353/lib/ruby/gems/2.0.0/specifications/thor-0.18.1.gemspec
I, [2014-03-19T09:23:05.902146 #20445]  INFO -- : 0:  guard (2.5.1) from /Users/mateus/.rvm/rubies/ruby-2.0.0-p353/lib/ruby/gems/2.0.0/specifications/guard-2.5.1.gemspec
I, [2014-03-19T09:23:05.902425 #20445]  INFO -- : 0:  rspec-core (2.14.8) from /Users/mateus/.rvm/rubies/ruby-2.0.0-p353/lib/ruby/gems/2.0.0/specifications/rspec-core-2.14.8.gemspec
I, [2014-03-19T09:23:05.902701 #20445]  INFO -- : 0:  rspec-expectations (2.14.5) from /Users/mateus/.rvm/rubies/ruby-2.0.0-p353/lib/ruby/gems/2.0.0/specifications/rspec-expectations-2.14.5.gemspec
I, [2014-03-19T09:23:05.902949 #20445]  INFO -- : 0:  rspec-mocks (2.14.6) from /Users/mateus/.rvm/rubies/ruby-2.0.0-p353/lib/ruby/gems/2.0.0/specifications/rspec-mocks-2.14.6.gemspec
I, [2014-03-19T09:23:05.903168 #20445]  INFO -- : 0:  rspec (2.14.1) from /Users/mateus/.rvm/rubies/ruby-2.0.0-p353/lib/ruby/gems/2.0.0/specifications/rspec-2.14.1.gemspec
I, [2014-03-19T09:23:05.903403 #20445]  INFO -- : 0:  guard-rspec (4.2.8) from /Users/mateus/.rvm/rubies/ruby-2.0.0-p353/lib/ruby/gems/2.0.0/specifications/guard-rspec-4.2.8.gemspec
I, [2014-03-19T09:23:05.903604 #20445]  INFO -- : 0:  bundler (1.5.1) from /Users/mateus/.rvm/rubies/ruby-2.0.0-p353/lib/ruby/gems/2.0.0/specifications/bundler-1.5.1.gemspec
I, [2014-03-19T21:08:42.828723 #35496]  INFO -- : 0:  timers (1.1.0) from /Users/mateus/.rvm/rubies/ruby-2.0.0-p353/lib/ruby/gems/2.0.0/specifications/timers-1.1.0.gemspec
I, [2014-03-19T21:08:42.829507 #35496]  INFO -- : 0:  celluloid (0.15.2) from /Users/mateus/.rvm/rubies/ruby-2.0.0-p353/lib/ruby/gems/2.0.0/specifications/celluloid-0.15.2.gemspec
I, [2014-03-19T21:08:42.829747 #35496]  INFO -- : 0:  nio4r (1.0.0) from /Users/mateus/.rvm/rubies/ruby-2.0.0-p353/lib/ruby/gems/2.0.0/specifications/nio4r-1.0.0.gemspec
I, [2014-03-19T21:08:42.829990 #35496]  INFO -- : 0:  celluloid-io (0.15.0) from /Users/mateus/.rvm/rubies/ruby-2.0.0-p353/lib/ruby/gems/2.0.0/specifications/celluloid-io-0.15.0.gemspec
I, [2014-03-19T21:08:42.830209 #35496]  INFO -- : 0:  coderay (1.1.0) from /Users/mateus/.rvm/rubies/ruby-2.0.0-p353/lib/ruby/gems/2.0.0/specifications/coderay-1.1.0.gemspec
I, [2014-03-19T21:08:42.830431 #35496]  INFO -- : 0:  diff-lcs (1.2.5) from /Users/mateus/.rvm/rubies/ruby-2.0.0-p353/lib/ruby/gems/2.0.0/specifications/diff-lcs-1.2.5.gemspec
I, [2014-03-19T21:08:42.830664 #35496]  INFO -- : 0:  ffi (1.9.3) from /Users/mateus/.rvm/rubies/ruby-2.0.0-p353/lib/ruby/gems/2.0.0/specifications/ffi-1.9.3.gemspec
I, [2014-03-19T21:08:42.830939 #35496]  INFO -- : 0:  formatador (0.2.4) from /Users/mateus/.rvm/rubies/ruby-2.0.0-p353/lib/ruby/gems/2.0.0/specifications/formatador-0.2.4.gemspec
I, [2014-03-19T21:08:42.831203 #35496]  INFO -- : 0:  rb-fsevent (0.9.4) from /Users/mateus/.rvm/rubies/ruby-2.0.0-p353/lib/ruby/gems/2.0.0/specifications/rb-fsevent-0.9.4.gemspec
I, [2014-03-19T21:08:42.831454 #35496]  INFO -- : 0:  rb-inotify (0.9.3) from /Users/mateus/.rvm/rubies/ruby-2.0.0-p353/lib/ruby/gems/2.0.0/specifications/rb-inotify-0.9.3.gemspec
I, [2014-03-19T21:08:42.831731 #35496]  INFO -- : 0:  listen (2.7.1) from /Users/mateus/.rvm/rubies/ruby-2.0.0-p353/lib/ruby/gems/2.0.0/specifications/listen-2.7.1.gemspec
I, [2014-03-19T21:08:42.831958 #35496]  INFO -- : 0:  lumberjack (1.0.4) from /Users/mateus/.rvm/rubies/ruby-2.0.0-p353/lib/ruby/gems/2.0.0/specifications/lumberjack-1.0.4.gemspec
I, [2014-03-19T21:08:42.832183 #35496]  INFO -- : 0:  method_source (0.8.2) from /Users/mateus/.rvm/rubies/ruby-2.0.0-p353/lib/ruby/gems/2.0.0/specifications/method_source-0.8.2.gemspec
I, [2014-03-19T21:08:42.832467 #35496]  INFO -- : 0:  slop (3.5.0) from /Users/mateus/.rvm/rubies/ruby-2.0.0-p353/lib/ruby/gems/2.0.0/specifications/slop-3.5.0.gemspec
I, [2014-03-19T21:08:42.832731 #35496]  INFO -- : 0:  pry (0.9.12.6) from /Users/mateus/.rvm/rubies/ruby-2.0.0-p353/lib/ruby/gems/2.0.0/specifications/pry-0.9.12.6.gemspec
I, [2014-03-19T21:08:42.832969 #35496]  INFO -- : 0:  thor (0.18.1) from /Users/mateus/.rvm/rubies/ruby-2.0.0-p353/lib/ruby/gems/2.0.0/specifications/thor-0.18.1.gemspec
I, [2014-03-19T21:08:42.833224 #35496]  INFO -- : 0:  guard (2.5.1) from /Users/mateus/.rvm/rubies/ruby-2.0.0-p353/lib/ruby/gems/2.0.0/specifications/guard-2.5.1.gemspec
I, [2014-03-19T21:08:42.833466 #35496]  INFO -- : 0:  rspec-core (2.14.8) from /Users/mateus/.rvm/rubies/ruby-2.0.0-p353/lib/ruby/gems/2.0.0/specifications/rspec-core-2.14.8.gemspec
I, [2014-03-19T21:08:42.833732 #35496]  INFO -- : 0:  rspec-expectations (2.14.5) from /Users/mateus/.rvm/rubies/ruby-2.0.0-p353/lib/ruby/gems/2.0.0/specifications/rspec-expectations-2.14.5.gemspec
I, [2014-03-19T21:08:42.833973 #35496]  INFO -- : 0:  rspec-mocks (2.14.6) from /Users/mateus/.rvm/rubies/ruby-2.0.0-p353/lib/ruby/gems/2.0.0/specifications/rspec-mocks-2.14.6.gemspec
I, [2014-03-19T21:08:42.834203 #35496]  INFO -- : 0:  rspec (2.14.1) from /Users/mateus/.rvm/rubies/ruby-2.0.0-p353/lib/ruby/gems/2.0.0/specifications/rspec-2.14.1.gemspec
I, [2014-03-19T21:08:42.834409 #35496]  INFO -- : 0:  bundler (1.5.1) from /Users/mateus/.rvm/rubies/ruby-2.0.0-p353/lib/ruby/gems/2.0.0/specifications/bundler-1.5.1.gemspec
I, [2014-03-19T21:11:16.549387 #35658]  INFO -- : 0:  timers (1.1.0) from /Users/mateus/.rvm/rubies/ruby-2.0.0-p353/lib/ruby/gems/2.0.0/specifications/timers-1.1.0.gemspec
I, [2014-03-19T21:11:16.549755 #35658]  INFO -- : 0:  celluloid (0.15.2) from /Users/mateus/.rvm/rubies/ruby-2.0.0-p353/lib/ruby/gems/2.0.0/specifications/celluloid-0.15.2.gemspec
I, [2014-03-19T21:11:16.550028 #35658]  INFO -- : 0:  nio4r (1.0.0) from /Users/mateus/.rvm/rubies/ruby-2.0.0-p353/lib/ruby/gems/2.0.0/specifications/nio4r-1.0.0.gemspec
I, [2014-03-19T21:11:16.550305 #35658]  INFO -- : 0:  celluloid-io (0.15.0) from /Users/mateus/.rvm/rubies/ruby-2.0.0-p353/lib/ruby/gems/2.0.0/specifications/celluloid-io-0.15.0.gemspec
I, [2014-03-19T21:11:16.550569 #35658]  INFO -- : 0:  coderay (1.1.0) from /Users/mateus/.rvm/rubies/ruby-2.0.0-p353/lib/ruby/gems/2.0.0/specifications/coderay-1.1.0.gemspec
I, [2014-03-19T21:11:16.550846 #35658]  INFO -- : 0:  diff-lcs (1.2.5) from /Users/mateus/.rvm/rubies/ruby-2.0.0-p353/lib/ruby/gems/2.0.0/specifications/diff-lcs-1.2.5.gemspec
I, [2014-03-19T21:11:16.551104 #35658]  INFO -- : 0:  ffi (1.9.3) from /Users/mateus/.rvm/rubies/ruby-2.0.0-p353/lib/ruby/gems/2.0.0/specifications/ffi-1.9.3.gemspec
I, [2014-03-19T21:11:16.551383 #35658]  INFO -- : 0:  formatador (0.2.4) from /Users/mateus/.rvm/rubies/ruby-2.0.0-p353/lib/ruby/gems/2.0.0/specifications/formatador-0.2.4.gemspec
I, [2014-03-19T21:11:16.551644 #35658]  INFO -- : 0:  rb-fsevent (0.9.4) from /Users/mateus/.rvm/rubies/ruby-2.0.0-p353/lib/ruby/gems/2.0.0/specifications/rb-fsevent-0.9.4.gemspec
I, [2014-03-19T21:11:16.551900 #35658]  INFO -- : 0:  rb-inotify (0.9.3) from /Users/mateus/.rvm/rubies/ruby-2.0.0-p353/lib/ruby/gems/2.0.0/specifications/rb-inotify-0.9.3.gemspec
I, [2014-03-19T21:11:16.552194 #35658]  INFO -- : 0:  listen (2.7.1) from /Users/mateus/.rvm/rubies/ruby-2.0.0-p353/lib/ruby/gems/2.0.0/specifications/listen-2.7.1.gemspec
I, [2014-03-19T21:11:16.552462 #35658]  INFO -- : 0:  lumberjack (1.0.4) from /Users/mateus/.rvm/rubies/ruby-2.0.0-p353/lib/ruby/gems/2.0.0/specifications/lumberjack-1.0.4.gemspec
I, [2014-03-19T21:11:16.552734 #35658]  INFO -- : 0:  method_source (0.8.2) from /Users/mateus/.rvm/rubies/ruby-2.0.0-p353/lib/ruby/gems/2.0.0/specifications/method_source-0.8.2.gemspec
I, [2014-03-19T21:11:16.552984 #35658]  INFO -- : 0:  slop (3.5.0) from /Users/mateus/.rvm/rubies/ruby-2.0.0-p353/lib/ruby/gems/2.0.0/specifications/slop-3.5.0.gemspec
I, [2014-03-19T21:11:16.553243 #35658]  INFO -- : 0:  pry (0.9.12.6) from /Users/mateus/.rvm/rubies/ruby-2.0.0-p353/lib/ruby/gems/2.0.0/specifications/pry-0.9.12.6.gemspec
I, [2014-03-19T21:11:16.553475 #35658]  INFO -- : 0:  thor (0.18.1) from /Users/mateus/.rvm/rubies/ruby-2.0.0-p353/lib/ruby/gems/2.0.0/specifications/thor-0.18.1.gemspec
I, [2014-03-19T21:11:16.553730 #35658]  INFO -- : 0:  guard (2.5.1) from /Users/mateus/.rvm/rubies/ruby-2.0.0-p353/lib/ruby/gems/2.0.0/specifications/guard-2.5.1.gemspec
I, [2014-03-19T21:11:16.553952 #35658]  INFO -- : 0:  rspec-core (2.14.8) from /Users/mateus/.rvm/rubies/ruby-2.0.0-p353/lib/ruby/gems/2.0.0/specifications/rspec-core-2.14.8.gemspec
I, [2014-03-19T21:11:16.554166 #35658]  INFO -- : 0:  rspec-expectations (2.14.5) from /Users/mateus/.rvm/rubies/ruby-2.0.0-p353/lib/ruby/gems/2.0.0/specifications/rspec-expectations-2.14.5.gemspec
I, [2014-03-19T21:11:16.554400 #35658]  INFO -- : 0:  rspec-mocks (2.14.6) from /Users/mateus/.rvm/rubies/ruby-2.0.0-p353/lib/ruby/gems/2.0.0/specifications/rspec-mocks-2.14.6.gemspec
I, [2014-03-19T21:11:16.554633 #35658]  INFO -- : 0:  rspec (2.14.1) from /Users/mateus/.rvm/rubies/ruby-2.0.0-p353/lib/ruby/gems/2.0.0/specifications/rspec-2.14.1.gemspec
I, [2014-03-19T21:11:16.554825 #35658]  INFO -- : 0:  bundler (1.5.1) from /Users/mateus/.rvm/rubies/ruby-2.0.0-p353/lib/ruby/gems/2.0.0/specifications/bundler-1.5.1.gemspec
I, [2014-03-19T21:12:18.989567 #35692]  INFO -- : 0:  timers (1.1.0) from /Users/mateus/.rvm/rubies/ruby-2.0.0-p353/lib/ruby/gems/2.0.0/specifications/timers-1.1.0.gemspec
I, [2014-03-19T21:12:18.989946 #35692]  INFO -- : 0:  celluloid (0.15.2) from /Users/mateus/.rvm/rubies/ruby-2.0.0-p353/lib/ruby/gems/2.0.0/specifications/celluloid-0.15.2.gemspec
I, [2014-03-19T21:12:18.990248 #35692]  INFO -- : 0:  nio4r (1.0.0) from /Users/mateus/.rvm/rubies/ruby-2.0.0-p353/lib/ruby/gems/2.0.0/specifications/nio4r-1.0.0.gemspec
I, [2014-03-19T21:12:18.990536 #35692]  INFO -- : 0:  celluloid-io (0.15.0) from /Users/mateus/.rvm/rubies/ruby-2.0.0-p353/lib/ruby/gems/2.0.0/specifications/celluloid-io-0.15.0.gemspec
I, [2014-03-19T21:12:18.990816 #35692]  INFO -- : 0:  coderay (1.1.0) from /Users/mateus/.rvm/rubies/ruby-2.0.0-p353/lib/ruby/gems/2.0.0/specifications/coderay-1.1.0.gemspec
I, [2014-03-19T21:12:18.991084 #35692]  INFO -- : 0:  diff-lcs (1.2.5) from /Users/mateus/.rvm/rubies/ruby-2.0.0-p353/lib/ruby/gems/2.0.0/specifications/diff-lcs-1.2.5.gemspec
I, [2014-03-19T21:12:18.991364 #35692]  INFO -- : 0:  ffi (1.9.3) from /Users/mateus/.rvm/rubies/ruby-2.0.0-p353/lib/ruby/gems/2.0.0/specifications/ffi-1.9.3.gemspec
I, [2014-03-19T21:12:18.991643 #35692]  INFO -- : 0:  formatador (0.2.4) from /Users/mateus/.rvm/rubies/ruby-2.0.0-p353/lib/ruby/gems/2.0.0/specifications/formatador-0.2.4.gemspec
I, [2014-03-19T21:12:18.991906 #35692]  INFO -- : 0:  rb-fsevent (0.9.4) from /Users/mateus/.rvm/rubies/ruby-2.0.0-p353/lib/ruby/gems/2.0.0/specifications/rb-fsevent-0.9.4.gemspec
I, [2014-03-19T21:12:18.992185 #35692]  INFO -- : 0:  rb-inotify (0.9.3) from /Users/mateus/.rvm/rubies/ruby-2.0.0-p353/lib/ruby/gems/2.0.0/specifications/rb-inotify-0.9.3.gemspec
I, [2014-03-19T21:12:18.992465 #35692]  INFO -- : 0:  listen (2.7.1) from /Users/mateus/.rvm/rubies/ruby-2.0.0-p353/lib/ruby/gems/2.0.0/specifications/listen-2.7.1.gemspec
I, [2014-03-19T21:12:18.992715 #35692]  INFO -- : 0:  lumberjack (1.0.4) from /Users/mateus/.rvm/rubies/ruby-2.0.0-p353/lib/ruby/gems/2.0.0/specifications/lumberjack-1.0.4.gemspec
I, [2014-03-19T21:12:18.992994 #35692]  INFO -- : 0:  method_source (0.8.2) from /Users/mateus/.rvm/rubies/ruby-2.0.0-p353/lib/ruby/gems/2.0.0/specifications/method_source-0.8.2.gemspec
I, [2014-03-19T21:12:18.993264 #35692]  INFO -- : 0:  slop (3.5.0) from /Users/mateus/.rvm/rubies/ruby-2.0.0-p353/lib/ruby/gems/2.0.0/specifications/slop-3.5.0.gemspec
I, [2014-03-19T21:12:18.993541 #35692]  INFO -- : 0:  pry (0.9.12.6) from /Users/mateus/.rvm/rubies/ruby-2.0.0-p353/lib/ruby/gems/2.0.0/specifications/pry-0.9.12.6.gemspec
I, [2014-03-19T21:12:18.993840 #35692]  INFO -- : 0:  thor (0.18.1) from /Users/mateus/.rvm/rubies/ruby-2.0.0-p353/lib/ruby/gems/2.0.0/specifications/thor-0.18.1.gemspec
I, [2014-03-19T21:12:18.994075 #35692]  INFO -- : 0:  guard (2.5.1) from /Users/mateus/.rvm/rubies/ruby-2.0.0-p353/lib/ruby/gems/2.0.0/specifications/guard-2.5.1.gemspec
I, [2014-03-19T21:12:18.994335 #35692]  INFO -- : 0:  rspec-core (2.14.8) from /Users/mateus/.rvm/rubies/ruby-2.0.0-p353/lib/ruby/gems/2.0.0/specifications/rspec-core-2.14.8.gemspec
I, [2014-03-19T21:12:18.994605 #35692]  INFO -- : 0:  rspec-expectations (2.14.5) from /Users/mateus/.rvm/rubies/ruby-2.0.0-p353/lib/ruby/gems/2.0.0/specifications/rspec-expectations-2.14.5.gemspec
I, [2014-03-19T21:12:18.994860 #35692]  INFO -- : 0:  rspec-mocks (2.14.6) from /Users/mateus/.rvm/rubies/ruby-2.0.0-p353/lib/ruby/gems/2.0.0/specifications/rspec-mocks-2.14.6.gemspec
I, [2014-03-19T21:12:18.995142 #35692]  INFO -- : 0:  rspec (2.14.1) from /Users/mateus/.rvm/rubies/ruby-2.0.0-p353/lib/ruby/gems/2.0.0/specifications/rspec-2.14.1.gemspec
I, [2014-03-19T21:12:18.995459 #35692]  INFO -- : 0:  guard-rspec (4.2.8) from /Users/mateus/.rvm/rubies/ruby-2.0.0-p353/lib/ruby/gems/2.0.0/specifications/guard-rspec-4.2.8.gemspec
I, [2014-03-19T21:12:18.995701 #35692]  INFO -- : 0:  bundler (1.5.1) from /Users/mateus/.rvm/rubies/ruby-2.0.0-p353/lib/ruby/gems/2.0.0/specifications/bundler-1.5.1.gemspec
